2017-03-03 11:17:43,638 - Log4JLogChute initialized using file 'velocity.log'
2017-03-03 11:17:43,638 - Starting Apache Velocity v1.6.2 (compiled: 2009-02-19 16:29:46)
2017-03-03 11:17:43,638 - Default Properties File: org\apache\velocity\runtime\defaults\velocity.properties
2017-03-03 11:17:43,638 - Trying to use logger class org.apache.velocity.runtime.log.Log4JLogChute
2017-03-03 11:17:43,638 - Using logger class org.apache.velocity.runtime.log.Log4JLogChute
2017-03-03 11:17:43,638 - ResourceLoader instantiated: org.apache.velocity.runtime.resource.loader.FileResourceLoader
2017-03-03 11:17:43,638 - Do unicode file recognition:  false
2017-03-03 11:17:43,638 - FileResourceLoader : adding path '.'
2017-03-03 11:17:43,654 - ResourceCache: initialized (class org.apache.velocity.runtime.resource.ResourceCacheImpl) with class java.util.Collections$SynchronizedMap cache map.
2017-03-03 11:17:43,654 - Loaded System Directive: org.apache.velocity.runtime.directive.Define
2017-03-03 11:17:43,654 - Loaded System Directive: org.apache.velocity.runtime.directive.Break
2017-03-03 11:17:43,654 - Loaded System Directive: org.apache.velocity.runtime.directive.Evaluate
2017-03-03 11:17:43,654 - Loaded System Directive: org.apache.velocity.runtime.directive.Literal
2017-03-03 11:17:43,654 - Loaded System Directive: org.apache.velocity.runtime.directive.Macro
2017-03-03 11:17:43,654 - Loaded System Directive: org.apache.velocity.runtime.directive.Parse
2017-03-03 11:17:43,654 - Loaded System Directive: org.apache.velocity.runtime.directive.Include
2017-03-03 11:17:43,654 - Loaded System Directive: org.apache.velocity.runtime.directive.Foreach
2017-03-03 11:17:43,670 - Created '20' parsers.
2017-03-03 11:17:43,670 - Velocimacro : "velocimacro.library" is not set.  Trying default library: VM_global_library.vm
2017-03-03 11:17:43,670 - Velocimacro : Default library not found.
2017-03-03 11:17:43,670 - Velocimacro : allowInline = true : VMs can be defined inline in templates
2017-03-03 11:17:43,670 - Velocimacro : allowInlineToOverride = false : VMs defined inline may NOT replace previous VM definitions
2017-03-03 11:17:43,670 - Velocimacro : allowInlineLocal = false : VMs defined inline will be global in scope if allowed.
2017-03-03 11:17:43,670 - Velocimacro : autoload off : VM system will not automatically reload global library macros
